{
  "RSpec": {
    "coverage": {
      "/home/ferdinand/Desktop/nested_form/spec/controllers/surveys_controller_spec.rb": [
        1,
        null,
        1,
        null,
        null,
        null,
        1,
        1,
        1,
        1,
        1,
        null,
        null,
        null,
        1,
        1,
        1,
        1,
        1,
        null,
        null,
        null,
        1,
        1,
        1,
        1,
        1,
        1,
        null,
        null,
        null
      ],
      "/home/ferdinand/Desktop/nested_form/spec/rails_helper.rb": [
        null,
        1,
        1,
        1,
        1,
        1,
        null,
        null,
        null,
        null,
        null,
        null,
        null,
        4,
        null,
        null,
        null,
        1,
        null,
        1,
        null,
        1,
        null,
        null,
        null,
        null,
        1,
        null,
        null,
        null,
        null,
        null,
        null,
        null,
        null,
        null,
        null,
        null,
        null,
        null,
        null,
        1,
        null
      ],
      "/home/ferdinand/Desktop/nested_form/config/environment.rb": [
        null,
        1,
        null,
        null,
        1
      ],
      "/home/ferdinand/Desktop/nested_form/config/application.rb": [
        1,
        null,
        1,
        null,
        null,
        null,
        1,
        null,
        1,
        1,
        null,
        1,
        1,
        null,
        null,
        null,
        null,
        null,
        null,
        1,
        null,
        null,
        null,
        null,
        null,
        null,
        null,
        null,
        null,
        null,
        null,
        null,
        null,
        null,
        null
      ],
      "/home/ferdinand/Desktop/nested_form/config/boot.rb": [
        null,
        1,
        null,
        1
      ],
      "/home/ferdinand/Desktop/nested_form/config/environments/test.rb": [
        1,
        null,
        null,
        null,
        null,
        null,
        null,
        1,
        null,
        null,
        null,
        null,
        1,
        null,
        null,
        1,
        1,
        null,
        null,
        1,
        1,
        null,
        null,
        1,
        null,
        null,
        1,
        null,
        null,
        null,
        null,
        1,
        null,
        null,
        1,
        null,
        null,
        null,
        null
      ],
      "/home/ferdinand/Desktop/nested_form/config/initializers/backtrace_silencers.rb": [
        null,
        null,
        null,
        null,
        null,
        null,
        null
      ],
      "/home/ferdinand/Desktop/nested_form/config/initializers/cookies_serializer.rb": [
        null,
        null,
        1
      ],
      "/home/ferdinand/Desktop/nested_form/config/initializers/filter_parameter_logging.rb": [
        null,
        null,
        null,
        1
      ],
      "/home/ferdinand/Desktop/nested_form/config/initializers/inflections.rb": [
        null,
        null,
        null,
        null,
        null,
        null,
        null,
        null,
        null,
        null,
        null,
        null,
        null,
        null,
        null,
        null
      ],
      "/home/ferdinand/Desktop/nested_form/config/initializers/mime_types.rb": [
        null,
        null,
        null,
        null
      ],
      "/home/ferdinand/Desktop/nested_form/config/initializers/session_store.rb": [
        null,
        null,
        1
      ],
      "/home/ferdinand/Desktop/nested_form/config/initializers/wrap_parameters.rb": [
        null,
        null,
        null,
        null,
        null,
        null,
        1,
        1,
        null,
        null,
        null,
        null,
        null,
        null
      ],
      "/home/ferdinand/Desktop/nested_form/spec/factories/answers.rb": [
        null,
        null,
        1,
        1,
        null,
        1,
        null,
        null,
        null,
        null,
        null,
        null
      ],
      "/home/ferdinand/Desktop/nested_form/spec/factories/questions.rb": [
        null,
        null,
        1,
        1,
        null,
        1,
        1,
        0,
        null,
        null,
        null
      ],
      "/home/ferdinand/Desktop/nested_form/spec/factories/surveys.rb": [
        null,
        null,
        1,
        1,
        1,
        1,
        1,
        1,
        null,
        null,
        null,
        null
      ],
      "/home/ferdinand/Desktop/nested_form/config/routes.rb": [
        1,
        1,
        null,
        1,
        null
      ],
      "/home/ferdinand/Desktop/nested_form/app/helpers/application_helper.rb": [
        1,
        null
      ],
      "/home/ferdinand/Desktop/nested_form/app/helpers/surveys_helper.rb": [
        1,
        null
      ],
      "/home/ferdinand/Desktop/nested_form/spec/support/factory_girl.rb": [
        1,
        1,
        null
      ],
      "/home/ferdinand/Desktop/nested_form/spec/support/capybara.rb": [
        1
      ],
      "/home/ferdinand/Desktop/nested_form/spec/support/database_cleaner.rb": [
        1,
        1,
        1,
        null,
        null,
        1,
        13,
        null,
        null,
        1,
        0,
        null,
        null,
        1,
        13,
        null,
        null,
        1,
        13,
        null,
        null
      ],
      "/home/ferdinand/Desktop/nested_form/app/controllers/surveys_controller.rb": [
        1,
        1,
        null,
        null,
        null,
        1,
        1,
        null,
        null,
        null,
        null,
        1,
        null,
        null,
        null,
        1,
        0,
        0,
        0,
        null,
        null,
        null,
        1,
        null,
        null,
        null,
        null,
        1,
        1,
        null,
        1,
        1,
        2,
        1,
        null,
        0,
        0,
        null,
        null,
        null,
        null,
        null,
        null,
        1,
        1,
        1,
        2,
        1,
        null,
        0,
        0,
        null,
        null,
        null,
        null,
        null,
        null,
        1,
        0,
        0,
        0,
        0,
        null,
        null,
        null,
        1,
        null,
        1,
        1,
        null,
        null,
        null,
        1,
        2,
        null,
        null
      ],
      "/home/ferdinand/Desktop/nested_form/app/controllers/application_controller.rb": [
        1,
        null,
        null,
        1,
        null
      ],
      "/home/ferdinand/Desktop/nested_form/spec/features/visitors/about_page_spec.rb": [
        1,
        null,
        null,
        null,
        null,
        null,
        1,
        null,
        null,
        null,
        null,
        null,
        1,
        1,
        1,
        null,
        null,
        null
      ],
      "/home/ferdinand/Desktop/nested_form/spec/features/visitors/home_page_spec.rb": [
        1,
        null,
        null,
        null,
        null,
        null,
        1,
        null,
        null,
        null,
        null,
        null,
        1,
        1,
        1,
        null,
        null,
        null
      ],
      "/home/ferdinand/Desktop/nested_form/spec/models/answer_spec.rb": [
        1,
        null,
        1,
        2,
        null
      ],
      "/home/ferdinand/Desktop/nested_form/app/models/answer.rb": [
        1,
        1,
        null
      ],
      "/home/ferdinand/Desktop/nested_form/spec/models/question_spec.rb": [
        1,
        null,
        1,
        2,
        2,
        2,
        2,
        2,
        null
      ],
      "/home/ferdinand/Desktop/nested_form/app/models/question.rb": [
        1,
        1,
        1,
        9,
        null
      ],
      "/home/ferdinand/Desktop/nested_form/spec/models/survey_spec.rb": [
        1,
        null,
        1,
        null,
        2,
        2,
        null,
        null,
        null
      ],
      "/home/ferdinand/Desktop/nested_form/app/models/survey.rb": [
        1,
        1,
        3,
        null
      ],
      "/home/ferdinand/Desktop/nested_form/app/controllers/visitors_controller.rb": [
        1,
        null
      ]
    },
    "timestamp": 1407308129
  }
}
